\BOOKMARK [0][-]{chapter.1}{\376\377\000I\000n\000t\000r\000o\000d\000u\000c\000t\000i\000o\000n}{}% 1
\BOOKMARK [1][-]{section.1.1}{\376\377\000G\000o\000a\000l\000s}{chapter.1}% 2
\BOOKMARK [1][-]{section.1.2}{\376\377\000D\000e\000f\000i\000n\000i\000t\000i\000o\000n\000s}{chapter.1}% 3
\BOOKMARK [2][-]{subsection.1.2.1}{\376\377\000G\000o\000l\000e\000m}{section.1.2}% 4
\BOOKMARK [2][-]{subsection.1.2.2}{\376\377\000P\000D\000-\000K\000i\000n\000d}{section.1.2}% 5
\BOOKMARK [2][-]{subsection.1.2.3}{\376\377\000T\000r\000a\000n\000s\000i\000t\000i\000o\000n\000\040\000S\000y\000s\000t\000e\000m}{section.1.2}% 6
\BOOKMARK [2][-]{subsection.1.2.4}{\376\377\000S\000a\000t\000i\000s\000f\000i\000a\000b\000i\000l\000i\000t\000y\000\040\000M\000o\000d\000u\000l\000o\000\040\000T\000h\000e\000o\000r\000i\000e\000s}{section.1.2}% 7
\BOOKMARK [2][-]{subsection.1.2.5}{\376\377\000O\000p\000e\000n\000S\000M\000T}{section.1.2}% 8
\BOOKMARK [0][-]{chapter.2}{\376\377\000A\000n\000a\000l\000y\000s\000i\000s}{}% 9
\BOOKMARK [1][-]{section.2.1}{\376\377\000I\000n\000d\000u\000c\000t\000i\000o\000n\000\040\000v\000s\000\040\000k\000-\000I\000n\000d\000u\000c\000t\000i\000o\000n}{chapter.2}% 10
\BOOKMARK [1][-]{section.2.2}{\376\377\000R\000e\000c\000h\000a\000b\000i\000l\000i\000t\000y\000\040\000c\000h\000e\000c\000k\000i\000n\000g\000\040\000p\000r\000o\000c\000e\000d\000u\000r\000e}{chapter.2}% 11
\BOOKMARK [1][-]{section.2.3}{\376\377\000P\000D\000-\000K\000i\000n\000d\000\040\000p\000r\000o\000c\000e\000d\000u\000r\000e}{chapter.2}% 12
\BOOKMARK [1][-]{section.2.4}{\376\377\000P\000u\000s\000h\000\040\000p\000r\000o\000c\000e\000d\000u\000r\000e}{chapter.2}% 13
\BOOKMARK [0][-]{chapter.3}{\376\377\000I\000m\000p\000l\000e\000m\000e\000n\000t\000a\000t\000i\000o\000n}{}% 14
\BOOKMARK [1][-]{section.3.1}{\376\377\000D\000a\000t\000a\000\040\000s\000t\000r\000u\000c\000t\000u\000r\000e\000s}{chapter.3}% 15
\BOOKMARK [2][-]{subsection.3.1.1}{\376\377\000R\000e\000a\000c\000h\000a\000b\000i\000l\000i\000t\000y\000\040\000f\000r\000a\000m\000e}{section.3.1}% 16
\BOOKMARK [2][-]{subsection.3.1.2}{\376\377\000I\000n\000d\000u\000c\000t\000i\000o\000n\000\040\000f\000r\000a\000m\000e}{section.3.1}% 17
\BOOKMARK [1][-]{section.3.2}{\376\377\000C\000l\000a\000s\000s\000e\000s}{chapter.3}% 18
\BOOKMARK [2][-]{subsection.3.2.1}{\376\377\000R\000e\000a\000c\000h\000a\000b\000i\000l\000i\000t\000y\000\040\000c\000l\000a\000s\000s}{section.3.2}% 19
\BOOKMARK [2][-]{subsection.3.2.2}{\376\377\000P\000D\000-\000K\000i\000n\000d\000\040\000e\000n\000g\000i\000n\000e}{section.3.2}% 20
\BOOKMARK [0][-]{chapter.4}{\376\377\000E\000x\000p\000e\000r\000i\000m\000e\000n\000t\000s}{}% 21
\BOOKMARK [0][-]{chapter.5}{\376\377\000C\000o\000n\000c\000l\000u\000s\000i\000o\000n}{}% 22
\BOOKMARK [0][-]{chapter*.2}{\376\377\000L\000i\000s\000t\000\040\000o\000f\000\040\000F\000i\000g\000u\000r\000e\000s}{}% 23
\BOOKMARK [0][-]{chapter*.3}{\376\377\000L\000i\000s\000t\000\040\000o\000f\000\040\000T\000a\000b\000l\000e\000s}{}% 24
\BOOKMARK [0][-]{chapter*.4}{\376\377\000L\000i\000s\000t\000\040\000o\000f\000\040\000A\000b\000b\000r\000e\000v\000i\000a\000t\000i\000o\000n\000s}{}% 25
\BOOKMARK [0][-]{appendix.A}{\376\377\000A\000t\000t\000a\000c\000h\000m\000e\000n\000t\000s}{}% 26
\BOOKMARK [1][-]{section.A.1}{\376\377\000F\000i\000r\000s\000t\000\040\000A\000t\000t\000a\000c\000h\000m\000e\000n\000t}{appendix.A}% 27
